Flow report for DE1_SoC_Computer
Tue May 15 13:26:56 2018
Quartus II 64-Bit Version 15.0.0 Build 145 04/22/2015 SJ Full Version


---------------------
; Table of Contents ;
---------------------
  1. Legal Notice
  2. Flow Summary
  3. Flow Settings
  4. Flow Non-Default Global Settings
  5. Flow Elapsed Time
  6. Flow OS Summary
  7. Flow Log
  8. Flow Messages
  9. Flow Suppressed Messages



----------------
; Legal Notice ;
----------------
Copyright (C) 1991-2015 Altera Corporation. All rights reserved.
Your use of Altera Corporation's design tools, logic functions 
and other software and tools, and its AMPP partner logic 
functions, and any output files from any of the foregoing 
(including device programming or simulation files), and any 
associated documentation or information are expressly subject 
to the terms and conditions of the Altera Program License 
Subscription Agreement, the Altera Quartus II License Agreement,
the Altera MegaCore Function License Agreement, or other 
applicable license agreement, including, without limitation, 
that your use is for the sole purpose of programming logic 
devices manufactured by Altera and sold by Altera or its 
authorized distributors.  Please refer to the applicable 
agreement for further details.



+-------------------------------------------------------------------------------+
; Flow Summary                                                                  ;
+---------------------------------+---------------------------------------------+
; Flow Status                     ; Successful - Tue May 15 13:26:56 2018       ;
; Quartus II 64-Bit Version       ; 15.0.0 Build 145 04/22/2015 SJ Full Version ;
; Revision Name                   ; DE1_SoC_Computer                            ;
; Top-level Entity Name           ; DE1_SoC_Computer                            ;
; Family                          ; Cyclone V                                   ;
; Device                          ; 5CSEMA5F31C6                                ;
; Timing Models                   ; Final                                       ;
; Logic utilization (in ALMs)     ; 12,802 / 32,070 ( 40 % )                    ;
; Total registers                 ; 45448                                       ;
; Total pins                      ; 368 / 457 ( 81 % )                          ;
; Total virtual pins              ; 0                                           ;
; Total block memory bits         ; 2,880,000 / 4,065,280 ( 71 % )              ;
; Total DSP Blocks                ; 5 / 87 ( 6 % )                              ;
; Total HSSI RX PCSs              ; 0                                           ;
; Total HSSI PMA RX Deserializers ; 0                                           ;
; Total HSSI TX PCSs              ; 0                                           ;
; Total HSSI PMA TX Serializers   ; 0                                           ;
; Total PLLs                      ; 2 / 6 ( 33 % )                              ;
; Total DLLs                      ; 1 / 4 ( 25 % )                              ;
+---------------------------------+---------------------------------------------+


+-----------------------------------------+
; Flow Settings                           ;
+-------------------+---------------------+
; Option            ; Setting             ;
+-------------------+---------------------+
; Start date & time ; 05/15/2018 13:15:21 ;
; Main task         ; Compilation         ;
; Revision Name     ; DE1_SoC_Computer    ;
+-------------------+---------------------+


+--------------------------------------------------------------------------------------------------------------------------------------------------------------------------------------------------+
; Flow Non-Default Global Settings                                                                                                                                                                 ;
+--------------------------------------+-------------------------------------------------------------------------------+---------------+------------------------------------------+----------------+
; Assignment Name                      ; Value                                                                         ; Default Value ; Entity Name                              ; Section Id     ;
+--------------------------------------+-------------------------------------------------------------------------------+---------------+------------------------------------------+----------------+
; COMPILER_SIGNATURE_ID                ; 57277346360894.152640451607900                                                ; --            ; --                                       ; --             ;
; CROSS_BOUNDARY_OPTIMIZATIONS         ; On                                                                            ; --            ; --                                       ; multi_hier     ;
; EDA_DESIGN_INSTANCE_NAME             ; NA                                                                            ; --            ; --                                       ; testbench      ;
; EDA_NATIVELINK_SIMULATION_TEST_BENCH ; testbench                                                                     ; --            ; --                                       ; eda_simulation ;
; EDA_OUTPUT_DATA_FORMAT               ; Vhdl                                                                          ; --            ; --                                       ; eda_simulation ;
; EDA_SIMULATION_TOOL                  ; ModelSim-Altera (VHDL)                                                        ; <None>        ; --                                       ; --             ;
; EDA_TEST_BENCH_ENABLE_STATUS         ; TEST_BENCH_MODE                                                               ; --            ; --                                       ; eda_simulation ;
; EDA_TEST_BENCH_FILE                  ; tb.v                                                                          ; --            ; --                                       ; testbench      ;
; EDA_TEST_BENCH_MODULE_NAME           ; testbench                                                                     ; --            ; --                                       ; testbench      ;
; EDA_TEST_BENCH_NAME                  ; testbench                                                                     ; --            ; --                                       ; eda_simulation ;
; HPS_ISW_FILE                         ; Computer_System/synthesis/submodules/sequencer/alt_types.pre.h                ; --            ; Computer_System_ARM_A9_HPS_hps_io_border ; --             ;
; HPS_ISW_FILE                         ; Computer_System/synthesis/submodules/sequencer/emif.pre.xml                   ; --            ; Computer_System_ARM_A9_HPS_hps_io_border ; --             ;
; HPS_ISW_FILE                         ; Computer_System/synthesis/submodules/sequencer/sdram_io.pre.h                 ; --            ; Computer_System_ARM_A9_HPS_hps_io_border ; --             ;
; HPS_ISW_FILE                         ; Computer_System/synthesis/submodules/sequencer/sequencer.pre.c                ; --            ; Computer_System_ARM_A9_HPS_hps_io_border ; --             ;
; HPS_ISW_FILE                         ; Computer_System/synthesis/submodules/sequencer/sequencer.pre.h                ; --            ; Computer_System_ARM_A9_HPS_hps_io_border ; --             ;
; HPS_ISW_FILE                         ; Computer_System/synthesis/submodules/sequencer/sequencer_auto.pre.h           ; --            ; Computer_System_ARM_A9_HPS_hps_io_border ; --             ;
; HPS_ISW_FILE                         ; Computer_System/synthesis/submodules/sequencer/sequencer_auto_ac_init.pre.c   ; --            ; Computer_System_ARM_A9_HPS_hps_io_border ; --             ;
; HPS_ISW_FILE                         ; Computer_System/synthesis/submodules/sequencer/sequencer_auto_inst_init.pre.c ; --            ; Computer_System_ARM_A9_HPS_hps_io_border ; --             ;
; HPS_ISW_FILE                         ; Computer_System/synthesis/submodules/sequencer/sequencer_defines.pre.h        ; --            ; Computer_System_ARM_A9_HPS_hps_io_border ; --             ;
; HPS_ISW_FILE                         ; Computer_System/synthesis/submodules/sequencer/system.pre.h                   ; --            ; Computer_System_ARM_A9_HPS_hps_io_border ; --             ;
; HPS_ISW_FILE                         ; Computer_System/synthesis/submodules/sequencer/tclrpt.pre.c                   ; --            ; Computer_System_ARM_A9_HPS_hps_io_border ; --             ;
; HPS_ISW_FILE                         ; Computer_System/synthesis/submodules/sequencer/tclrpt.pre.h                   ; --            ; Computer_System_ARM_A9_HPS_hps_io_border ; --             ;
; HPS_ISW_FILE                         ; Computer_System/synthesis/submodules/hps.pre.xml                              ; --            ; Computer_System_ARM_A9_HPS_hps_io_border ; --             ;
; HPS_PARTITION                        ; On                                                                            ; --            ; Computer_System_ARM_A9_HPS_hps_io_border ; --             ;
; MAX_CORE_JUNCTION_TEMP               ; 85                                                                            ; --            ; --                                       ; --             ;
; MIN_CORE_JUNCTION_TEMP               ; 0                                                                             ; --            ; --                                       ; --             ;
; MISC_FILE                            ; PLL.cmp                                                                       ; --            ; --                                       ; --             ;
; MISC_FILE                            ; Computer_System/synthesis/../Computer_System.cmp                              ; --            ; --                                       ; --             ;
; MISC_FILE                            ; Computer_System/synthesis/../../C                                             ; --            ; --                                       ; --             ;
; MISC_FILE                            ; Computer_System/synthesis/Computer_System_ARM_A9_HPS_hps.svd                  ; --            ; --                                       ; --             ;
; MISC_FILE                            ; Computer_System/synthesis/../../Computer_System.qsys                          ; --            ; --                                       ; --             ;
; MISC_FILE                            ; Computer_System/synthesis/submodules/sequencer/alt_types.pre.h                ; --            ; --                                       ; --             ;
; MISC_FILE                            ; Computer_System/synthesis/submodules/sequencer/emif.pre.xml                   ; --            ; --                                       ; --             ;
; MISC_FILE                            ; Computer_System/synthesis/submodules/sequencer/sdram_io.pre.h                 ; --            ; --                                       ; --             ;
; MISC_FILE                            ; Computer_System/synthesis/submodules/sequencer/sequencer.pre.c                ; --            ; --                                       ; --             ;
; MISC_FILE                            ; Computer_System/synthesis/submodules/sequencer/sequencer.pre.h                ; --            ; --                                       ; --             ;
; MISC_FILE                            ; Computer_System/synthesis/submodules/sequencer/sequencer_auto.pre.h           ; --            ; --                                       ; --             ;
; MISC_FILE                            ; Computer_System/synthesis/submodules/sequencer/sequencer_auto_ac_init.pre.c   ; --            ; --                                       ; --             ;
; MISC_FILE                            ; Computer_System/synthesis/submodules/sequencer/sequencer_auto_inst_init.pre.c ; --            ; --                                       ; --             ;
; MISC_FILE                            ; Computer_System/synthesis/submodules/sequencer/sequencer_defines.pre.h        ; --            ; --                                       ; --             ;
; MISC_FILE                            ; Computer_System/synthesis/submodules/sequencer/system.pre.h                   ; --            ; --                                       ; --             ;
; MISC_FILE                            ; Computer_System/synthesis/submodules/sequencer/tclrpt.pre.c                   ; --            ; --                                       ; --             ;
; MISC_FILE                            ; Computer_System/synthesis/submodules/sequencer/tclrpt.pre.h                   ; --            ; --                                       ; --             ;
; MISC_FILE                            ; Computer_System/synthesis/submodules/hps.pre.xml                              ; --            ; --                                       ; --             ;
; NUM_PARALLEL_PROCESSORS              ; All                                                                           ; --            ; --                                       ; --             ;
; PARTITION_COLOR                      ; 52377                                                                         ; --            ; --                                       ; multi_hier     ;
; PARTITION_COLOR                      ; 16764057                                                                      ; --            ; --                                       ; Top            ;
; PARTITION_FITTER_PRESERVATION_LEVEL  ; PLACEMENT_AND_ROUTING                                                         ; --            ; --                                       ; multi_hier     ;
; PARTITION_FITTER_PRESERVATION_LEVEL  ; PLACEMENT_AND_ROUTING                                                         ; --            ; --                                       ; Top            ;
; PARTITION_NETLIST_TYPE               ; SOURCE                                                                        ; --            ; --                                       ; multi_hier     ;
; PARTITION_NETLIST_TYPE               ; SOURCE                                                                        ; --            ; --                                       ; Top            ;
; POWER_BOARD_THERMAL_MODEL            ; None (CONSERVATIVE)                                                           ; --            ; --                                       ; --             ;
; POWER_PRESET_COOLING_SOLUTION        ; 23 MM HEAT SINK WITH 200 LFPM AIRFLOW                                         ; --            ; --                                       ; --             ;
; SLD_FILE                             ; Computer_System/synthesis/Computer_System.regmap                              ; --            ; --                                       ; --             ;
; SLD_FILE                             ; Computer_System/synthesis/Computer_System.debuginfo                           ; --            ; --                                       ; --             ;
; SLD_INFO                             ; QSYS_NAME Computer_System HAS_SOPCINFO 1 GENERATION_ID 1526326024             ; --            ; Computer_System                          ; --             ;
; SOPCINFO_FILE                        ; Computer_System/synthesis/../../Computer_System.sopcinfo                      ; --            ; --                                       ; --             ;
; SYNTHESIS_ONLY_QIP                   ; On                                                                            ; --            ; --                                       ; --             ;
; SYNTHESIS_ONLY_QIP                   ; On                                                                            ; --            ; --                                       ; --             ;
+--------------------------------------+-------------------------------------------------------------------------------+---------------+------------------------------------------+----------------+


+-------------------------------------------------------------------------------------------------------------------------------+
; Flow Elapsed Time                                                                                                             ;
+---------------------------+--------------+-------------------------+---------------------+------------------------------------+
; Module Name               ; Elapsed Time ; Average Processors Used ; Peak Virtual Memory ; Total CPU Time (on all processors) ;
+---------------------------+--------------+-------------------------+---------------------+------------------------------------+
; Analysis & Synthesis      ; 00:00:56     ; 1.9                     ; 1214 MB             ; 00:01:41                           ;
; Fitter                    ; 00:05:23     ; 1.9                     ; 3935 MB             ; 00:09:40                           ;
; Assembler                 ; 00:00:26     ; 1.0                     ; 1067 MB             ; 00:00:26                           ;
; TimeQuest Timing Analyzer ; 00:01:31     ; 1.8                     ; 2276 MB             ; 00:02:20                           ;
; EDA Netlist Writer        ; 00:00:11     ; 1.0                     ; 1236 MB             ; 00:00:11                           ;
; Total                     ; 00:08:27     ; --                      ; --                  ; 00:14:18                           ;
+---------------------------+--------------+-------------------------+---------------------+------------------------------------+


+----------------------------------------------------------------------------------------+
; Flow OS Summary                                                                        ;
+---------------------------+------------------+-----------+------------+----------------+
; Module Name               ; Machine Hostname ; OS Name   ; OS Version ; Processor type ;
+---------------------------+------------------+-----------+------------+----------------+
; Analysis & Synthesis      ; EN-EC-LPH238-14  ; Windows 7 ; 6.1        ; x86_64         ;
; Fitter                    ; EN-EC-LPH238-14  ; Windows 7 ; 6.1        ; x86_64         ;
; Assembler                 ; EN-EC-LPH238-14  ; Windows 7 ; 6.1        ; x86_64         ;
; TimeQuest Timing Analyzer ; EN-EC-LPH238-14  ; Windows 7 ; 6.1        ; x86_64         ;
; EDA Netlist Writer        ; EN-EC-LPH238-14  ; Windows 7 ; 6.1        ; x86_64         ;
+---------------------------+------------------+-----------+------------+----------------+


------------
; Flow Log ;
------------
quartus_map --read_settings_files=on --write_settings_files=off DE1_SoC_Computer -c DE1_SoC_Computer
quartus_fit --read_settings_files=off --write_settings_files=off DE1_SoC_Computer -c DE1_SoC_Computer
quartus_asm --read_settings_files=off --write_settings_files=off DE1_SoC_Computer -c DE1_SoC_Computer
quartus_sta DE1_SoC_Computer -c DE1_SoC_Computer
quartus_eda --read_settings_files=off --write_settings_files=off DE1_SoC_Computer -c DE1_SoC_Computer



